<?xml version="1.0" encoding="UTF-8"?>
<testng-results skipped="0" failed="0" ignored="0" total="1" passed="1">
  <reporter-output>
  </reporter-output>
  <suite name="Default suite" duration-ms="38704" started-at="2017-09-12T08:19:30Z" finished-at="2017-09-12T08:20:09Z">
    <groups>
    </groups>
    <test name="Default test" duration-ms="38704" started-at="2017-09-12T08:19:30Z" finished-at="2017-09-12T08:20:09Z">
      <class name="ng.CCixtest">
        <test-method status="PASS" signature="beforeTest()[pri:0, instance:ng.CCixtest@23ceabc1]" name="beforeTest" is-config="true" duration-ms="6557" started-at="2017-09-12T13:49:30Z" finished-at="2017-09-12T13:49:37Z">
          <reporter-output>
          </reporter-output>
        </test-method> <!-- beforeTest -->
        <test-method status="PASS" signature="anianddnis()[pri:0, instance:ng.CCixtest@23ceabc1]" name="anianddnis" duration-ms="31944" started-at="2017-09-12T13:49:37Z" finished-at="2017-09-12T13:50:09Z">
          <reporter-output>
          </reporter-output>
        </test-method> <!-- anianddnis -->
        <test-method status="PASS" signature="afterTest()[pri:0, instance:ng.CCixtest@23ceabc1]" name="afterTest" is-config="true" duration-ms="162" started-at="2017-09-12T13:50:09Z" finished-at="2017-09-12T13:50:09Z">
          <reporter-output>
          </reporter-output>
        </test-method> <!-- afterTest -->
      </class> <!-- ng.CCixtest -->
    </test> <!-- Default test -->
  </suite> <!-- Default suite -->
</testng-results>
